0 info it worked if it ends with ok
1 verbose cli [ '/Users/tylerlaskey/.nvm/versions/node/v6.17.1/bin/node',
1 verbose cli   '/Users/tylerlaskey/.nvm/versions/node/v6.17.1/bin/npm',
1 verbose cli   'run',
1 verbose cli   'unit' ]
2 info using npm@3.10.10
3 info using node@v6.17.1
4 verbose run-script [ 'preunit', 'unit', 'postunit' ]
5 info lifecycle reqi@0.0.0~preunit: reqi@0.0.0
6 silly lifecycle reqi@0.0.0~preunit: no script for preunit, continuing
7 info lifecycle reqi@0.0.0~unit: reqi@0.0.0
8 verbose lifecycle reqi@0.0.0~unit: unsafe-perm in lifecycle true
9 verbose lifecycle reqi@0.0.0~unit: PATH: /Users/tylerlaskey/.nvm/versions/node/v6.17.1/lib/node_modules/npm/bin/node-gyp-bin:/Users/tylerlaskey/Node/reqi/node_modules/.bin:/Users/tylerlaskey/Downloads/google-cloud-sdk/bin:/Users/tylerlaskey/.nvm/versions/node/v6.17.1/bin:/usr/local/bin:/usr/bin:/bin:/usr/sbin:/sbin
10 verbose lifecycle reqi@0.0.0~unit: CWD: /Users/tylerlaskey/Node/reqi
11 silly lifecycle reqi@0.0.0~unit: Args: [ '-c',
11 silly lifecycle   'echo "Running Tape Unit Tests..." && node ./tests/unit/* && echo "Tests Succesful!"' ]
12 silly lifecycle reqi@0.0.0~unit: Returned: code: 1  signal: null
13 info lifecycle reqi@0.0.0~unit: Failed to exec unit script
14 verbose stack Error: reqi@0.0.0 unit: `echo "Running Tape Unit Tests..." && node ./tests/unit/* && echo "Tests Succesful!"`
14 verbose stack Exit status 1
14 verbose stack     at EventEmitter.<anonymous> (/Users/tylerlaskey/.nvm/versions/node/v6.17.1/lib/node_modules/npm/lib/utils/lifecycle.js:255:16)
14 verbose stack     at emitTwo (events.js:106:13)
14 verbose stack     at EventEmitter.emit (events.js:191:7)
14 verbose stack     at ChildProcess.<anonymous> (/Users/tylerlaskey/.nvm/versions/node/v6.17.1/lib/node_modules/npm/lib/utils/spawn.js:40:14)
14 verbose stack     at emitTwo (events.js:106:13)
14 verbose stack     at ChildProcess.emit (events.js:191:7)
14 verbose stack     at maybeClose (internal/child_process.js:920:16)
14 verbose stack     at Process.ChildProcess._handle.onexit (internal/child_process.js:230:5)
15 verbose pkgid reqi@0.0.0
16 verbose cwd /Users/tylerlaskey/Node/reqi
17 error Darwin 18.2.0
18 error argv "/Users/tylerlaskey/.nvm/versions/node/v6.17.1/bin/node" "/Users/tylerlaskey/.nvm/versions/node/v6.17.1/bin/npm" "run" "unit"
19 error node v6.17.1
20 error npm  v3.10.10
21 error code ELIFECYCLE
22 error reqi@0.0.0 unit: `echo "Running Tape Unit Tests..." && node ./tests/unit/* && echo "Tests Succesful!"`
22 error Exit status 1
23 error Failed at the reqi@0.0.0 unit script 'echo "Running Tape Unit Tests..." && node ./tests/unit/* && echo "Tests Succesful!"'.
23 error Make sure you have the latest version of node.js and npm installed.
23 error If you do, this is most likely a problem with the reqi package,
23 error not with npm itself.
23 error Tell the author that this fails on your system:
23 error     echo "Running Tape Unit Tests..." && node ./tests/unit/* && echo "Tests Succesful!"
23 error You can get information on how to open an issue for this project with:
23 error     npm bugs reqi
23 error Or if that isn't available, you can get their info via:
23 error     npm owner ls reqi
23 error There is likely additional logging output above.
24 verbose exit [ 1, true ]
